[debug] [2019-09-30T20:34:51.056Z] ----------------------------------------------------------------------
[debug] [2019-09-30T20:34:51.058Z] Command:       /usr/local/bin/node /usr/local/bin/firebase init
[debug] [2019-09-30T20:34:51.059Z] CLI Version:   7.4.0
[debug] [2019-09-30T20:34:51.059Z] Platform:      darwin
[debug] [2019-09-30T20:34:51.059Z] Node Version:  v12.4.0
[debug] [2019-09-30T20:34:51.060Z] Time:          Mon Sep 30 2019 14:34:51 GMT-0600 (Mountain Daylight Time)
[debug] [2019-09-30T20:34:51.060Z] ----------------------------------------------------------------------
[debug] 
[debug] [2019-09-30T20:34:51.069Z] > command requires scopes: ["email","openid","https://www.googleapis.com/auth/cloudplatformprojects.readonly","https://www.googleapis.com/auth/firebase","https://www.googleapis.com/auth/cloud-platform"]
[debug] [2019-09-30T20:34:51.070Z] > authorizing via signed-in user
[info] 
     ######## #### ########  ######## ########     ###     ######  ########
     ##        ##  ##     ## ##       ##     ##  ##   ##  ##       ##
     ######    ##  ########  ######   ########  #########  ######  ######
     ##        ##  ##    ##  ##       ##     ## ##     ##       ## ##
     ##       #### ##     ## ######## ########  ##     ##  ######  ########

You're about to initialize a Firebase project in this directory:

  /Users/nkhmeleva/Flatiron/code/Mod 3/projectMod3/HorrorMovieFrontend

[info] 
=== Project Setup
[info] 
[info] First, let's associate this project directory with a Firebase project.
[info] You can create multiple project aliases by running firebase use --add, 
[info] but for now we'll just set up a default project.
[info] 
[info] i  If you want to create a project in a Google Cloud organization or folder, please use "firebase projects:create" instead, and return to this command when you've created the project.
[debug] [2019-09-30T20:35:07.756Z] >>> HTTP REQUEST POST https://cloudresourcemanager.googleapis.com/v1/projects  

[debug] [2019-09-30T20:35:07.957Z] <<< HTTP RESPONSE 400
[debug] [2019-09-30T20:35:07.958Z] <<< HTTP RESPONSE BODY
[debug] [2019-09-30T20:35:07.968Z] HTTP Error: 400, Request contains an invalid argument.
[debug] [2019-09-30T20:35:07.971Z] FirebaseError: HTTP Error: 400, Request contains an invalid argument.
    at module.exports (/usr/local/lib/node_modules/firebase-tools/lib/responseToError.js:38:12)
    at Request._callback (/usr/local/lib/node_modules/firebase-tools/lib/api.js:39:35)
    at Request.self.callback (/usr/local/lib/node_modules/firebase-tools/node_modules/request/request.js:185:22)
    at Request.emit (events.js:200:13)
    at Request.EventEmitter.emit (domain.js:471:20)
    at Request.<anonymous> (/usr/local/lib/node_modules/firebase-tools/node_modules/request/request.js:1161:10)
    at Request.emit (events.js:200:13)
    at Request.EventEmitter.emit (domain.js:471:20)
    at IncomingMessage.<anonymous> (/usr/local/lib/node_modules/firebase-tools/node_modules/request/request.js:1083:12)
    at Object.onceWrapper (events.js:288:20)
[error] 
[error] Error: Failed to create Google Cloud project. See firebase-debug.log for more info.
